[2019-12-01 20:17:46.303] [exthost] [info] extension host started
[2019-12-01 20:17:46.362] [exthost] [info] ExtensionService#_doActivateExtension vscode.debug-auto-launch {"startup":true,"extensionId":{"value":"vscode.debug-auto-launch","_lower":"vscode.debug-auto-launch"},"activationEvent":"*"}
[2019-12-01 20:17:46.362] [exthost] [info] ExtensionService#loadCommonJSModule file:///snap/code/21/usr/share/code/resources/app/extensions/debug-auto-launch/dist/extension
[2019-12-01 20:17:46.368] [exthost] [info] ExtensionService#_doActivateExtension vscode.emmet {"startup":true,"extensionId":{"value":"vscode.emmet","_lower":"vscode.emmet"},"activationEvent":"*"}
[2019-12-01 20:17:46.368] [exthost] [info] ExtensionService#loadCommonJSModule file:///snap/code/21/usr/share/code/resources/app/extensions/emmet/dist/extension
[2019-12-01 20:17:46.390] [exthost] [info] ExtensionService#_doActivateExtension vscode.git {"startup":true,"extensionId":{"value":"vscode.git","_lower":"vscode.git"},"activationEvent":"*"}
[2019-12-01 20:17:46.390] [exthost] [info] ExtensionService#loadCommonJSModule file:///snap/code/21/usr/share/code/resources/app/extensions/git/dist/main
[2019-12-01 20:17:46.421] [exthost] [info] ExtensionService#_doActivateExtension vscode.merge-conflict {"startup":true,"extensionId":{"value":"vscode.merge-conflict","_lower":"vscode.merge-conflict"},"activationEvent":"*"}
[2019-12-01 20:17:46.421] [exthost] [info] ExtensionService#loadCommonJSModule file:///snap/code/21/usr/share/code/resources/app/extensions/merge-conflict/dist/extension
[2019-12-01 20:17:46.425] [exthost] [info] ExtensionService#_doActivateExtension bajdzis.vscode-database {"startup":true,"extensionId":{"value":"bajdzis.vscode-database","_lower":"bajdzis.vscode-database"},"activationEvent":"*"}
[2019-12-01 20:17:46.425] [exthost] [info] ExtensionService#loadCommonJSModule file:///home/murilo/.vscode/extensions/bajdzis.vscode-database-2.2.0/out/extension.js
[2019-12-01 20:17:46.488] [exthost] [info] ExtensionService#_doActivateExtension dbaeumer.vscode-eslint {"startup":true,"extensionId":{"value":"dbaeumer.vscode-eslint","_lower":"dbaeumer.vscode-eslint"},"activationEvent":"*"}
[2019-12-01 20:17:46.488] [exthost] [info] ExtensionService#loadCommonJSModule file:///home/murilo/.vscode/extensions/dbaeumer.vscode-eslint-1.9.1/client/out/extension
[2019-12-01 20:17:46.499] [exthost] [info] ExtensionService#_doActivateExtension naumovs.color-highlight {"startup":true,"extensionId":{"value":"naumovs.color-highlight","_lower":"naumovs.color-highlight"},"activationEvent":"*"}
[2019-12-01 20:17:46.499] [exthost] [info] ExtensionService#loadCommonJSModule file:///home/murilo/.vscode/extensions/naumovs.color-highlight-2.3.0/dist/extension
[2019-12-01 20:17:46.513] [exthost] [info] ExtensionService#_doActivateExtension PKief.material-icon-theme {"startup":true,"extensionId":{"value":"PKief.material-icon-theme","_lower":"pkief.material-icon-theme"},"activationEvent":"*"}
[2019-12-01 20:17:46.513] [exthost] [info] ExtensionService#loadCommonJSModule file:///home/murilo/.vscode/extensions/pkief.material-icon-theme-3.9.2/dist/extension
[2019-12-01 20:17:46.878] [exthost] [info] ExtensionService#_doActivateExtension felixfbecker.php-intellisense {"startup":true,"extensionId":{"value":"felixfbecker.php-intellisense","_lower":"felixfbecker.php-intellisense"},"activationEvent":"workspaceContains:**/*.php"}
[2019-12-01 20:17:46.878] [exthost] [info] ExtensionService#loadCommonJSModule file:///home/murilo/.vscode/extensions/felixfbecker.php-intellisense-2.3.13/out/extension
[2019-12-01 20:17:47.064] [exthost] [info] eager extensions activated
[2019-12-01 20:17:58.412] [exthost] [info] ExtensionService#_doActivateExtension vscode.php-language-features {"startup":false,"extensionId":{"value":"vscode.php-language-features","_lower":"vscode.php-language-features"},"activationEvent":"onLanguage:php"}
[2019-12-01 20:17:58.412] [exthost] [info] ExtensionService#loadCommonJSModule file:///snap/code/21/usr/share/code/resources/app/extensions/php-language-features/dist/phpMain
[2019-12-01 20:18:19.103] [exthost] [info] ExtensionService#_doActivateExtension vscode.css-language-features {"startup":false,"extensionId":{"value":"vscode.css-language-features","_lower":"vscode.css-language-features"},"activationEvent":"onLanguage:css"}
[2019-12-01 20:18:19.103] [exthost] [info] ExtensionService#loadCommonJSModule file:///snap/code/21/usr/share/code/resources/app/extensions/css-language-features/client/dist/cssMain
