[2019-12-01 19:44:57.723] [exthost] [info] extension host started
[2019-12-01 19:44:57.792] [exthost] [info] ExtensionService#_doActivateExtension vscode.debug-auto-launch {"startup":true,"extensionId":{"value":"vscode.debug-auto-launch","_lower":"vscode.debug-auto-launch"},"activationEvent":"*"}
[2019-12-01 19:44:57.792] [exthost] [info] ExtensionService#loadCommonJSModule file:///snap/code/21/usr/share/code/resources/app/extensions/debug-auto-launch/dist/extension
[2019-12-01 19:44:57.795] [exthost] [info] ExtensionService#_doActivateExtension vscode.emmet {"startup":true,"extensionId":{"value":"vscode.emmet","_lower":"vscode.emmet"},"activationEvent":"*"}
[2019-12-01 19:44:57.795] [exthost] [info] ExtensionService#loadCommonJSModule file:///snap/code/21/usr/share/code/resources/app/extensions/emmet/dist/extension
[2019-12-01 19:44:57.807] [exthost] [info] ExtensionService#_doActivateExtension vscode.git {"startup":true,"extensionId":{"value":"vscode.git","_lower":"vscode.git"},"activationEvent":"*"}
[2019-12-01 19:44:57.807] [exthost] [info] ExtensionService#loadCommonJSModule file:///snap/code/21/usr/share/code/resources/app/extensions/git/dist/main
[2019-12-01 19:44:57.826] [exthost] [info] ExtensionService#_doActivateExtension vscode.merge-conflict {"startup":true,"extensionId":{"value":"vscode.merge-conflict","_lower":"vscode.merge-conflict"},"activationEvent":"*"}
[2019-12-01 19:44:57.826] [exthost] [info] ExtensionService#loadCommonJSModule file:///snap/code/21/usr/share/code/resources/app/extensions/merge-conflict/dist/extension
[2019-12-01 19:44:57.828] [exthost] [info] ExtensionService#_doActivateExtension bajdzis.vscode-database {"startup":true,"extensionId":{"value":"bajdzis.vscode-database","_lower":"bajdzis.vscode-database"},"activationEvent":"*"}
[2019-12-01 19:44:57.828] [exthost] [info] ExtensionService#loadCommonJSModule file:///home/murilo/.vscode/extensions/bajdzis.vscode-database-2.2.0/out/extension.js
[2019-12-01 19:44:57.857] [exthost] [info] ExtensionService#_doActivateExtension dbaeumer.vscode-eslint {"startup":true,"extensionId":{"value":"dbaeumer.vscode-eslint","_lower":"dbaeumer.vscode-eslint"},"activationEvent":"*"}
[2019-12-01 19:44:57.857] [exthost] [info] ExtensionService#loadCommonJSModule file:///home/murilo/.vscode/extensions/dbaeumer.vscode-eslint-1.9.1/client/out/extension
[2019-12-01 19:44:57.862] [exthost] [info] ExtensionService#_doActivateExtension naumovs.color-highlight {"startup":true,"extensionId":{"value":"naumovs.color-highlight","_lower":"naumovs.color-highlight"},"activationEvent":"*"}
[2019-12-01 19:44:57.862] [exthost] [info] ExtensionService#loadCommonJSModule file:///home/murilo/.vscode/extensions/naumovs.color-highlight-2.3.0/dist/extension
[2019-12-01 19:44:57.870] [exthost] [info] ExtensionService#_doActivateExtension PKief.material-icon-theme {"startup":true,"extensionId":{"value":"PKief.material-icon-theme","_lower":"pkief.material-icon-theme"},"activationEvent":"*"}
[2019-12-01 19:44:57.870] [exthost] [info] ExtensionService#loadCommonJSModule file:///home/murilo/.vscode/extensions/pkief.material-icon-theme-3.9.2/dist/extension
[2019-12-01 19:44:58.271] [exthost] [info] ExtensionService#_doActivateExtension felixfbecker.php-intellisense {"startup":true,"extensionId":{"value":"felixfbecker.php-intellisense","_lower":"felixfbecker.php-intellisense"},"activationEvent":"workspaceContains:**/*.php"}
[2019-12-01 19:44:58.271] [exthost] [info] ExtensionService#loadCommonJSModule file:///home/murilo/.vscode/extensions/felixfbecker.php-intellisense-2.3.13/out/extension
[2019-12-01 19:45:02.040] [exthost] [info] eager extensions activated
[2019-12-01 19:45:04.564] [exthost] [info] ExtensionService#_doActivateExtension vscode.configuration-editing {"startup":false,"extensionId":{"value":"vscode.configuration-editing","_lower":"vscode.configuration-editing"},"activationEvent":"onLanguage:jsonc"}
[2019-12-01 19:45:04.564] [exthost] [info] ExtensionService#loadCommonJSModule file:///snap/code/21/usr/share/code/resources/app/extensions/configuration-editing/dist/extension
[2019-12-01 19:45:04.568] [exthost] [info] ExtensionService#_doActivateExtension vscode.json-language-features {"startup":false,"extensionId":{"value":"vscode.json-language-features","_lower":"vscode.json-language-features"},"activationEvent":"onLanguage:jsonc"}
[2019-12-01 19:45:04.568] [exthost] [info] ExtensionService#loadCommonJSModule file:///snap/code/21/usr/share/code/resources/app/extensions/json-language-features/client/dist/jsonMain
[2019-12-01 19:45:04.582] [exthost] [info] ExtensionService#_doActivateExtension vscode.typescript-language-features {"startup":false,"extensionId":{"value":"vscode.typescript-language-features","_lower":"vscode.typescript-language-features"},"activationEvent":"onLanguage:jsonc"}
[2019-12-01 19:45:04.582] [exthost] [info] ExtensionService#loadCommonJSModule file:///snap/code/21/usr/share/code/resources/app/extensions/typescript-language-features/dist/extension
