Looking for git in: git
Using git 2.17.1 from git
> git rev-parse --show-toplevel
> git rev-parse --git-dir
Open repository: /opt/lampp/htdocs/projeto-lbd
> git status -z -u
> git symbolic-ref --short HEAD
> git rev-parse master
> git rev-parse --symbolic-full-name master@{u}
> git rev-list --left-right master...refs/remotes/origin/master
> git for-each-ref --format %(refname) %(objectname) --sort -committerdate
> git remote --verbose
Failed to watch ref '/opt/lampp/htdocs/projeto-lbd/.git/refs/remotes/origin/master', is most likely packed.
Error: ENOENT: no such file or directory, watch '/opt/lampp/htdocs/projeto-lbd/.git/refs/remotes/origin/master'
	at FSWatcher.start (internal/fs/watchers.js:165:26)
	at Object.watch (fs.js:1270:11)
	at Object.t.watch (/snap/code/21/usr/share/code/resources/app/extensions/git/dist/main.js:1:596797)
	at T.updateTransientWatchers (/snap/code/21/usr/share/code/resources/app/extensions/git/dist/main.js:1:101168)
	at l.fire (/snap/code/21/usr/share/code/resources/app/out/vs/workbench/services/extensions/node/extensionHostProcess.js:47:227)
	at E.updateModelState (/snap/code/21/usr/share/code/resources/app/extensions/git/dist/main.js:1:120038)
> git config --get commit.template
> git show :database/projeto_lbd_user.sql
> git check-ignore -v -z --stdin
> git status -z -u
> git symbolic-ref --short HEAD
> git rev-parse master
> git rev-parse --symbolic-full-name master@{u}
> git rev-list --left-right master...refs/remotes/origin/master
> git for-each-ref --format %(refname) %(objectname) --sort -committerdate
> git remote --verbose
Failed to watch ref '/opt/lampp/htdocs/projeto-lbd/.git/refs/remotes/origin/master', is most likely packed.
Error: ENOENT: no such file or directory, watch '/opt/lampp/htdocs/projeto-lbd/.git/refs/remotes/origin/master'
	at FSWatcher.start (internal/fs/watchers.js:165:26)
	at Object.watch (fs.js:1270:11)
	at Object.t.watch (/snap/code/21/usr/share/code/resources/app/extensions/git/dist/main.js:1:596797)
	at T.updateTransientWatchers (/snap/code/21/usr/share/code/resources/app/extensions/git/dist/main.js:1:101168)
	at l.fire (/snap/code/21/usr/share/code/resources/app/out/vs/workbench/services/extensions/node/extensionHostProcess.js:47:227)
	at E.updateModelState (/snap/code/21/usr/share/code/resources/app/extensions/git/dist/main.js:1:120038)
> git config --get commit.template
> git show :signup.php
> git show :signout.php
> git show :signin.php
> git show :index.php
> git status -z -u
> git symbolic-ref --short HEAD
> git rev-parse master
> git rev-parse --symbolic-full-name master@{u}
> git rev-list --left-right master...refs/remotes/origin/master
> git for-each-ref --format %(refname) %(objectname) --sort -committerdate
> git remote --verbose
Failed to watch ref '/opt/lampp/htdocs/projeto-lbd/.git/refs/remotes/origin/master', is most likely packed.
Error: ENOENT: no such file or directory, watch '/opt/lampp/htdocs/projeto-lbd/.git/refs/remotes/origin/master'
	at FSWatcher.start (internal/fs/watchers.js:165:26)
	at Object.watch (fs.js:1270:11)
	at Object.t.watch (/snap/code/21/usr/share/code/resources/app/extensions/git/dist/main.js:1:596797)
	at T.updateTransientWatchers (/snap/code/21/usr/share/code/resources/app/extensions/git/dist/main.js:1:101168)
	at l.fire (/snap/code/21/usr/share/code/resources/app/out/vs/workbench/services/extensions/node/extensionHostProcess.js:47:227)
	at E.updateModelState (/snap/code/21/usr/share/code/resources/app/extensions/git/dist/main.js:1:120038)
> git config --get commit.template
> git show :edit-user.php
> git show :signin.php
> git show :signout.php
> git show :style.css
> git show :delete-user.php
> git status -z -u
> git symbolic-ref --short HEAD
> git rev-parse master
> git rev-parse --symbolic-full-name master@{u}
> git rev-list --left-right master...refs/remotes/origin/master
> git for-each-ref --format %(refname) %(objectname) --sort -committerdate
> git remote --verbose
Failed to watch ref '/opt/lampp/htdocs/projeto-lbd/.git/refs/remotes/origin/master', is most likely packed.
Error: ENOENT: no such file or directory, watch '/opt/lampp/htdocs/projeto-lbd/.git/refs/remotes/origin/master'
	at FSWatcher.start (internal/fs/watchers.js:165:26)
	at Object.watch (fs.js:1270:11)
	at Object.t.watch (/snap/code/21/usr/share/code/resources/app/extensions/git/dist/main.js:1:596797)
	at T.updateTransientWatchers (/snap/code/21/usr/share/code/resources/app/extensions/git/dist/main.js:1:101168)
	at l.fire (/snap/code/21/usr/share/code/resources/app/out/vs/workbench/services/extensions/node/extensionHostProcess.js:47:227)
	at E.updateModelState (/snap/code/21/usr/share/code/resources/app/extensions/git/dist/main.js:1:120038)
> git config --get commit.template
> git check-ignore -v -z --stdin
> git show :series/index.php
> git status -z -u
> git symbolic-ref --short HEAD
> git rev-parse master
> git rev-parse --symbolic-full-name master@{u}
> git rev-list --left-right master...refs/remotes/origin/master
> git for-each-ref --format %(refname) %(objectname) --sort -committerdate
> git remote --verbose
Failed to watch ref '/opt/lampp/htdocs/projeto-lbd/.git/refs/remotes/origin/master', is most likely packed.
Error: ENOENT: no such file or directory, watch '/opt/lampp/htdocs/projeto-lbd/.git/refs/remotes/origin/master'
	at FSWatcher.start (internal/fs/watchers.js:165:26)
	at Object.watch (fs.js:1270:11)
	at Object.t.watch (/snap/code/21/usr/share/code/resources/app/extensions/git/dist/main.js:1:596797)
	at T.updateTransientWatchers (/snap/code/21/usr/share/code/resources/app/extensions/git/dist/main.js:1:101168)
	at l.fire (/snap/code/21/usr/share/code/resources/app/out/vs/workbench/services/extensions/node/extensionHostProcess.js:47:227)
	at E.updateModelState (/snap/code/21/usr/share/code/resources/app/extensions/git/dist/main.js:1:120038)
> git config --get commit.template
> git show :series/genres.php
> git status -z -u
> git symbolic-ref --short HEAD
> git rev-parse master
> git rev-parse --symbolic-full-name master@{u}
> git rev-list --left-right master...refs/remotes/origin/master
> git for-each-ref --format %(refname) %(objectname) --sort -committerdate
> git remote --verbose
Failed to watch ref '/opt/lampp/htdocs/projeto-lbd/.git/refs/remotes/origin/master', is most likely packed.
Error: ENOENT: no such file or directory, watch '/opt/lampp/htdocs/projeto-lbd/.git/refs/remotes/origin/master'
	at FSWatcher.start (internal/fs/watchers.js:165:26)
	at Object.watch (fs.js:1270:11)
	at Object.t.watch (/snap/code/21/usr/share/code/resources/app/extensions/git/dist/main.js:1:596797)
	at T.updateTransientWatchers (/snap/code/21/usr/share/code/resources/app/extensions/git/dist/main.js:1:101168)
	at l.fire (/snap/code/21/usr/share/code/resources/app/out/vs/workbench/services/extensions/node/extensionHostProcess.js:47:227)
	at E.updateModelState (/snap/code/21/usr/share/code/resources/app/extensions/git/dist/main.js:1:120038)
> git config --get commit.template
> git check-ignore -v -z --stdin
> git show :movies/index.php
> git show :movies/genres.php
> git status -z -u
> git symbolic-ref --short HEAD
> git rev-parse master
> git rev-parse --symbolic-full-name master@{u}
> git rev-list --left-right master...refs/remotes/origin/master
> git for-each-ref --format %(refname) %(objectname) --sort -committerdate
> git remote --verbose
Failed to watch ref '/opt/lampp/htdocs/projeto-lbd/.git/refs/remotes/origin/master', is most likely packed.
Error: ENOENT: no such file or directory, watch '/opt/lampp/htdocs/projeto-lbd/.git/refs/remotes/origin/master'
	at FSWatcher.start (internal/fs/watchers.js:165:26)
	at Object.watch (fs.js:1270:11)
	at Object.t.watch (/snap/code/21/usr/share/code/resources/app/extensions/git/dist/main.js:1:596797)
	at T.updateTransientWatchers (/snap/code/21/usr/share/code/resources/app/extensions/git/dist/main.js:1:101168)
	at l.fire (/snap/code/21/usr/share/code/resources/app/out/vs/workbench/services/extensions/node/extensionHostProcess.js:47:227)
	at E.updateModelState (/snap/code/21/usr/share/code/resources/app/extensions/git/dist/main.js:1:120038)
> git config --get commit.template
> git status -z -u
> git symbolic-ref --short HEAD
> git rev-parse master
> git rev-parse --symbolic-full-name master@{u}
> git rev-list --left-right master...refs/remotes/origin/master
> git for-each-ref --format %(refname) %(objectname) --sort -committerdate
> git remote --verbose
Failed to watch ref '/opt/lampp/htdocs/projeto-lbd/.git/refs/remotes/origin/master', is most likely packed.
Error: ENOENT: no such file or directory, watch '/opt/lampp/htdocs/projeto-lbd/.git/refs/remotes/origin/master'
	at FSWatcher.start (internal/fs/watchers.js:165:26)
	at Object.watch (fs.js:1270:11)
	at Object.t.watch (/snap/code/21/usr/share/code/resources/app/extensions/git/dist/main.js:1:596797)
	at T.updateTransientWatchers (/snap/code/21/usr/share/code/resources/app/extensions/git/dist/main.js:1:101168)
	at l.fire (/snap/code/21/usr/share/code/resources/app/out/vs/workbench/services/extensions/node/extensionHostProcess.js:47:227)
	at E.updateModelState (/snap/code/21/usr/share/code/resources/app/extensions/git/dist/main.js:1:120038)
> git config --get commit.template
